Test Summary for xconcat1

# Passed:     0 test
# FAILED:     1 test
# Aborted:    0 test
# Total:      1 test (2 assertions)

Test Results:
FAIL:  [TEST_CONCAT1.test_concat] foobar
   expected: foobar
   but  got: foofoo

BUILD FAILED!
